D:\ts_mirr\python\Portable_Python_2.7.6.1\App\python.exe D:\ts_mirr\scons\scons-local-2.3.4\scons.py -f.\Build\site_scons\SConstruct Compile -j8
scons: Reading SConscript files ...
AutoEver Toolset Version: 2.5.0
excluding list was not set for "Debug" in .cproject
excluding list was not set for "Release" in .cproject
scons: done reading SConscript files.
scons: Building targets ...
Compiling 1th file : App_NvM.c
Compiling 2th file : App_UART.c
Compiling 3th file : App_Uds.c
Compiling 4th file : App_Version.c
Compiling 5th file : App_WCT.c
Compiling 6th file : App_WDT.c
Compiling 7th file : CPAL.c
Compiling 8th file : Nfcrdlib_Card_Protection.c
"Static_Code/App_Code/EcuInfo.h", line 298: warning #47-D: incompatible
          redefinition of macro "cAppSoftVerYear1" (declared at line 114)
  	#define cAppSoftVerYear1 'T'  // 내부버전 형식에 오류를 일으킴.(검증단계에서 발견되어야함.)
  	        ^

"Static_Code/App_Code/App_NvM.c", line 143: warning #1822-D: value of
          multicharacter literal is implementation-defined
  const uint8_t NvMBlkInitSting_QRCODE[QRCODE_SIZE]      = {'Q','R','C','O','D','E','1','2','3','4','5','6','7','8','9','10','11','12','13','14','15'};
                                                                                                                        ^

"Static_Code/App_Code/App_NvM.c", line 143: warning #1822-D: value of
          multicharacter literal is implementation-defined
  const uint8_t NvMBlkInitSting_QRCODE[QRCODE_SIZE]      = {'Q','R','C','O','D','E','1','2','3','4','5','6','7','8','9','10','11','12','13','14','15'};
                                                                                                                             ^

"Static_Code/App_Code/App_NvM.c", line 143: warning #1822-D: value of
          multicharacter literal is implementation-defined
  const uint8_t NvMBlkInitSting_QRCODE[QRCODE_SIZE]      = {'Q','R','C','O','D','E','1','2','3','4','5','6','7','8','9','10','11','12','13','14','15'};
                                                                                                                                  ^

"Static_Code/App_Code/App_NvM.c", line 143: warning #1822-D: value of
          multicharacter literal is implementation-defined
  const uint8_t NvMBlkInitSting_QRCODE[QRCODE_SIZE]      = {'Q','R','C','O','D','E','1','2','3','4','5','6','7','8','9','10','11','12','13','14','15'};
                                                                                                                                       ^

"Static_Code/App_Code/App_NvM.c", line 143: warning #1822-D: value of
          multicharacter literal is implementation-defined
  const uint8_t NvMBlkInitSting_QRCODE[QRCODE_SIZE]      = {'Q','R','C','O','D','E','1','2','3','4','5','6','7','8','9','10','11','12','13','14','15'};
                                                                                                                                            ^

"Static_Code/App_Code/App_NvM.c", line 143: warning #1822-D: value of
          multicharacter literal is implementation-defined
  const uint8_t NvMBlkInitSting_QRCODE[QRCODE_SIZE]      = {'Q','R','C','O','D','E','1','2','3','4','5','6','7','8','9','10','11','12','13','14','15'};
                                                                                                                                                 ^

"Static_Code/App_Code/App_NvM.c", line 143: warning #69-D: integer conversion
          resulted in truncation
  const uint8_t NvMBlkInitSting_QRCODE[QRCODE_SIZE]      = {'Q','R','C','O','D','E','1','2','3','4','5','6','7','8','9','10','11','12','13','14','15'};
                                                                                                                        ^

"Static_Code/App_Code/App_NvM.c", line 143: warning #69-D: integer conversion
          resulted in truncation
  const uint8_t NvMBlkInitSting_QRCODE[QRCODE_SIZE]      = {'Q','R','C','O','D','E','1','2','3','4','5','6','7','8','9','10','11','12','13','14','15'};
                                                                                                                             ^

"Static_Code/App_Code/App_NvM.c", line 143: warning #69-D: integer conversion
          resulted in truncation
  const uint8_t NvMBlkInitSting_QRCODE[QRCODE_SIZE]      = {'Q','R','C','O','D','E','1','2','3','4','5','6','7','8','9','10','11','12','13','14','15'};
                                                                                                                                  ^

"Static_Code/App_Code/App_NvM.c", line 143: warning #69-D: integer conversion
          resulted in truncation
  const uint8_t NvMBlkInitSting_QRCODE[QRCODE_SIZE]      = {'Q','R','C','O','D','E','1','2','3','4','5','6','7','8','9','10','11','12','13','14','15'};
                                                                                                                                       ^

"Static_Code/App_Code/App_NvM.c", line 143: warning #69-D: integer conversion
          resulted in truncation
  const uint8_t NvMBlkInitSting_QRCODE[QRCODE_SIZE]      = {'Q','R','C','O','D','E','1','2','3','4','5','6','7','8','9','10','11','12','13','14','15'};
                                                                                                                                            ^

"Static_Code/App_Code/App_NvM.c", line 143: warning #69-D: integer conversion
          resulted in truncation
  const uint8_t NvMBlkInitSting_QRCODE[QRCODE_SIZE]      = {'Q','R','C','O','D','E','1','2','3','4','5','6','7','8','9','10','11','12','13','14','15'};
                                                                                                                                                 ^

"Static_Code/App_Code/App_NvM.c", line 527: error #223-D: function
          ss_NvM_PublicKeyEmptyCheck declared implicitly
  	if(ss_NvM_PublicKeyEmptyCheck() == TRUE)
  	   ^

"Static_Code/App_Code/App_NvM.c", line 529: error #223-D: function
          NvM_CS_Write_PublicKeyForOEUK_Runnable declared implicitly
  		NvM_CS_Write_PublicKeyForOEUK_Runnable((uint8*)&mb_PublicKeyForOEUK); /* PRQA S 0311 1 */ /* 010A_07 */
  		^

"Static_Code/App_Code/App_NvM.c", line 529: error #20: identifier
          "mb_PublicKeyForOEUK" is undefined
  		NvM_CS_Write_PublicKeyForOEUK_Runnable((uint8*)&mb_PublicKeyForOEUK); /* PRQA S 0311 1 */ /* 010A_07 */
  		                                                ^

scons: *** [Debug\Static_Code\App_Code\App_NvM.o] Error 1
"Static_Code/App_Code/EcuInfo.h", line 298: warning #47-D: incompatible
          redefinition of macro "cAppSoftVerYear1" (declared at line 114)
  	#define cAppSoftVerYear1 'T'  // 내부버전 형식에 오류를 일으킴.(검증단계에서 발견되어야함.)
  	        ^

"Static_Code/App_Code/EcuInfo.h", line 298: warning #47-D: incompatible
          redefinition of macro "cAppSoftVerYear1" (declared at line 114)
  	#define cAppSoftVerYear1 'T'  // 내부버전 형식에 오류를 일으킴.(검증단계에서 발견되어야함.)
  	        ^

"Static_Code/App_Code/App_WDT.c", line 271: warning #177-D: function
          "ss_WDT_CCU_Reset" was declared but never referenced
  static void ss_WDT_CCU_Reset(void) /* 0108_10 */
              ^

"Static_Code/App_Code/EcuInfo.h", line 298: warning #47-D: incompatible
          redefinition of macro "cAppSoftVerYear1" (declared at line 114)
  	#define cAppSoftVerYear1 'T'  // 내부버전 형식에 오류를 일으킴.(검증단계에서 발견되어야함.)
  	        ^

"Static_Code/NCJ3321_Code/DAL/inc/phDriver.h", line 232: warning #193-D: zero
          used for undefined preprocessing identifier "PIN_IRQ_TRIGGER_TYPE"
  #if (PIN_IRQ_TRIGGER_TYPE == IRQ_TRIGGER_TYPE_RISINGEDGE)
       ^

"Static_Code/NCJ3321_Code/DAL/inc/phDriver.h", line 232: warning #193-D: zero
          used for undefined preprocessing identifier
          "IRQ_TRIGGER_TYPE_RISINGEDGE"
  #if (PIN_IRQ_TRIGGER_TYPE == IRQ_TRIGGER_TYPE_RISINGEDGE)
                               ^

"Static_Code/NCJ3321_Code/aNFCReaderLibrary/intfs/../comps/phpalFelica/src/Sw/phpalFelica_Sw_Int.h", line 221: warning #1-D: 
          last line of file ends without a newline
  #endif /* PHPALFELICA_SW_INT_H */
                                   ^

"D:\ts_mirr\gh\ARM.V2017.1.4\comp_201714\ansi\stdint.h", line 24: warning #301-D: 
          typedef name has already been declared (with same type)
    typedef   signed char int8_t;
                          ^

"D:\ts_mirr\gh\ARM.V2017.1.4\comp_201714\ansi\stdint.h", line 25: warning #301-D: 
          typedef name has already been declared (with same type)
    typedef unsigned char uint8_t;
                          ^

"D:\ts_mirr\gh\ARM.V2017.1.4\comp_201714\ansi\stdint.h", line 32: warning #301-D: 
          typedef name has already been declared (with same type)
    typedef   signed short int16_t;
                           ^

"D:\ts_mirr\gh\ARM.V2017.1.4\comp_201714\ansi\stdint.h", line 33: warning #301-D: 
          typedef name has already been declared (with same type)
    typedef unsigned short uint16_t;
                           ^

"D:\ts_mirr\gh\ARM.V2017.1.4\comp_201714\ansi\stdint.h", line 39: warning #301-D: 
          typedef name has already been declared (with same type)
    typedef   signed int int32_t;
                         ^

"D:\ts_mirr\gh\ARM.V2017.1.4\comp_201714\ansi\stdint.h", line 40: warning #301-D: 
          typedef name has already been declared (with same type)
    typedef unsigned int uint32_t;
                         ^

"D:\ts_mirr\gh\ARM.V2017.1.4\comp_201714\ansi\stdint.h", line 56: warning #301-D: 
          typedef name has already been declared (with same type)
    typedef unsigned long long uint64_t;
                               ^

"Static_Code/NCJ3321_Code/sampleApplications/aNfcrdlib_CardProtection1/src/Nfcrdlib_Card_Protection.c", line 76: warning #177-D: 
          variable "pDiscLoop_CardProtection" was declared but never referenced
  static P2VAR(phacDiscLoop_Sw_DataParams_t, AUTOMATIC, ANFCRL_APPL_DATA) pDiscLoop_CardProtection; /* Discovery loop component */
                                                                          ^

"Static_Code/NCJ3321_Code/sampleApplications/aNfcrdlib_CardProtection1/src/Nfcrdlib_Card_Protection.c", line 83: warning #177-D: 
          variable "sSampleApp" was declared but never referenced
  static VAR(phApp_Sw_DataParams_t, ANFCRL_VAR) sSampleApp;
                                                ^

"Static_Code/NCJ3321_Code/sampleApplications/aNfcrdlib_CardProtection1/src/Nfcrdlib_Card_Protection.c", line 84: warning #177-D: 
          variable "distRet" was declared but never referenced
  static VAR(DIST_RESULT_t, ANFCRL_VAR) distRet = DIST_RESULT_NO_RESULT;
                                        ^

"Static_Code/NCJ3321_Code/DAL/inc/phDriver.h", line 232: warning #193-D: zero
          used for undefined preprocessing identifier "PIN_IRQ_TRIGGER_TYPE"
  #if (PIN_IRQ_TRIGGER_TYPE == IRQ_TRIGGER_TYPE_RISINGEDGE)
       ^

"Static_Code/NCJ3321_Code/DAL/inc/phDriver.h", line 232: warning #193-D: zero
          used for undefined preprocessing identifier
          "IRQ_TRIGGER_TYPE_RISINGEDGE"
  #if (PIN_IRQ_TRIGGER_TYPE == IRQ_TRIGGER_TYPE_RISINGEDGE)
                               ^

"Static_Code/NCJ3321_Code/aNFCReaderLibrary/intfs/../comps/phpalFelica/src/Sw/phpalFelica_Sw_Int.h", line 221: warning #1-D: 
          last line of file ends without a newline
  #endif /* PHPALFELICA_SW_INT_H */
                                   ^

"D:\ts_mirr\gh\ARM.V2017.1.4\comp_201714\ansi\stdint.h", line 24: warning #301-D: 
          typedef name has already been declared (with same type)
    typedef   signed char int8_t;
                          ^

"D:\ts_mirr\gh\ARM.V2017.1.4\comp_201714\ansi\stdint.h", line 25: warning #301-D: 
          typedef name has already been declared (with same type)
    typedef unsigned char uint8_t;
                          ^

"D:\ts_mirr\gh\ARM.V2017.1.4\comp_201714\ansi\stdint.h", line 32: warning #301-D: 
          typedef name has already been declared (with same type)
    typedef   signed short int16_t;
                           ^

"D:\ts_mirr\gh\ARM.V2017.1.4\comp_201714\ansi\stdint.h", line 33: warning #301-D: 
          typedef name has already been declared (with same type)
    typedef unsigned short uint16_t;
                           ^

"D:\ts_mirr\gh\ARM.V2017.1.4\comp_201714\ansi\stdint.h", line 39: warning #301-D: 
          typedef name has already been declared (with same type)
    typedef   signed int int32_t;
                         ^

"D:\ts_mirr\gh\ARM.V2017.1.4\comp_201714\ansi\stdint.h", line 40: warning #301-D: 
          typedef name has already been declared (with same type)
    typedef unsigned int uint32_t;
                         ^

"D:\ts_mirr\gh\ARM.V2017.1.4\comp_201714\ansi\stdint.h", line 56: warning #301-D: 
          typedef name has already been declared (with same type)
    typedef unsigned long long uint64_t;
                               ^

"Static_Code/App_Code/EcuInfo.h", line 298: warning #47-D: incompatible
          redefinition of macro "cAppSoftVerYear1" (declared at line 114)
  	#define cAppSoftVerYear1 'T'  // 내부버전 형식에 오류를 일으킴.(검증단계에서 발견되어야함.)
  	        ^

"Static_Code/NCJ3321_Code/sampleApplications/aNfcrdlib_CardProtection1/src/CPAL.c", line 208: warning #1963-D: 
          label not followed by statement is non-standard
          }
          ^

"Static_Code/NCJ3321_Code/sampleApplications/aNfcrdlib_CardProtection1/src/CPAL.c", line 135: warning #550-D: 
          variable "extFieldDetected" was set but never used
  static VAR(uint8, ANFCRL_VAR) extFieldDetected = 0U;
                                ^

"Static_Code/App_Code/EcuInfo.h", line 298: warning #47-D: incompatible
          redefinition of macro "cAppSoftVerYear1" (declared at line 114)
  	#define cAppSoftVerYear1 'T'  // 내부버전 형식에 오류를 일으킴.(검증단계에서 발견되어야함.)
  	        ^

"Static_Code/App_Code/App_UART.c", line 787: warning #167-D: argument of type
          "void (*)(unsigned long)" is incompatible with parameter of type
          "scb_uart_handle_events_t"
  	Cy_SCB_UART_RegisterCallback(SCB6, ss_Scb_UART_Event, &g_stc_uart_normal_context);
  	                                   ^

"Static_Code/App_Code/App_UART.c", line 1226: warning #188-D: enumerated type
          mixed with another type
  					UART.Int.Auth_Handler_State[Device] = UART.Out.Device_DVP[Device].Auth_Handler_State;
  					                                    ^

"Static_Code/App_Code/App_UART.c", line 1227: warning #188-D: enumerated type
          mixed with another type
  					UART.Int.Auth_Packet_State[Device] = UART.Out.Device_DVP[Device].Auth_Packet_State;
  					                                   ^

"Static_Code/App_Code/App_UART.c", line 1228: warning #188-D: enumerated type
          mixed with another type
  					UART.Int.Auth_Result_State[Device] = UART.Out.Device_DVP[Device].Auth_Result_State;
  					                                   ^

"Static_Code/App_Code/App_UART.c", line 245: warning #177-D: variable
          "num_normal" was declared but never referenced
  static uint8_t num_normal;
                 ^

"Static_Code/App_Code/EcuInfo.h", line 298: warning #47-D: incompatible
          redefinition of macro "cAppSoftVerYear1" (declared at line 114)
  	#define cAppSoftVerYear1 'T'  // 내부버전 형식에 오류를 일으킴.(검증단계에서 발견되어야함.)
  	        ^

"Static_Code/App_Code/App_Uds.c", line 1773: warning #167-D: argument of type
          "unsigned int" is incompatible with parameter of type "const uint8 *"
          	Uds.Int.Sha256Resp += Hmg_Sha256Update(&Uds.Int.ShaCtx, CODE_BASE_START1, CODE_SIZE_UNIT);
          	                                                        ^

"Static_Code/App_Code/App_Uds.c", line 1773: warning #152-D: conversion of
          nonzero integer to pointer
          	Uds.Int.Sha256Resp += Hmg_Sha256Update(&Uds.Int.ShaCtx, CODE_BASE_START1, CODE_SIZE_UNIT);
          	                                                        ^

"Static_Code/App_Code/App_Uds.c", line 1784: warning #167-D: argument of type
          "unsigned long" is incompatible with parameter of type
          "const uint8 *"
                  Uds.Int.Sha256Resp += Hmg_Sha256Update(&Uds.Int.ShaCtx, (CODE_BASE_START1 + Uds.Int.IncreaseAdd), CODE_SIZE_UNIT);
                                                                          ^

"Static_Code/App_Code/App_Uds.c", line 1789: warning #167-D: argument of type
          "unsigned long" is incompatible with parameter of type
          "const uint8 *"
                  Uds.Int.Sha256Resp += Hmg_Sha256Update(&Uds.Int.ShaCtx, (CODE_BASE_START1 + Uds.Int.IncreaseAdd), (CODE_BASE_END1 - CODE_BASE_START1 - Uds.Int.IncreaseAdd + 1u));
                                                                          ^

"Static_Code/App_Code/App_Uds.c", line 1803: warning #167-D: argument of type
          "unsigned long" is incompatible with parameter of type
          "const uint8 *"
                  Uds.Int.Sha256Resp += Hmg_Sha256Update(&Uds.Int.ShaCtx, (CODE_BASE_START2 + Uds.Int.IncreaseAdd), CODE_SIZE_UNIT);
                                                                          ^

"Static_Code/App_Code/App_Uds.c", line 1809: warning #167-D: argument of type
          "unsigned long" is incompatible with parameter of type
          "const uint8 *"
                  Uds.Int.Sha256Resp += Hmg_Sha256Update(&Uds.Int.ShaCtx, (CODE_BASE_START2 + Uds.Int.IncreaseAdd), (CODE_BASE_END2 - CODE_BASE_START2 - Uds.Int.IncreaseAdd + 1u));
                                                                          ^

"Static_Code/App_Code/App_Uds.c", line 2354: warning #177-D: variable
          "bNvMBlockStatus" was declared but never referenced
  	NvM_RequestResultType bNvMBlockStatus = NVM_REQ_NOT_OK;	 
  	                      ^

"Static_Code/App_Code/App_Uds.c", line 2471: warning #177-D: variable
          "bNvMBlockStatus" was declared but never referenced
  	NvM_RequestResultType bNvMBlockStatus = NVM_REQ_NOT_OK;	  
  	                      ^

scons: building terminated because of errors.
